#
# There is insufficient memory for the Java Runtime Environment to continue.
# Native memory allocation (malloc) failed to allocate 1048576 bytes for AllocateHeap
# Possible reasons:
#   The system is out of physical RAM or swap space
#   The process is running with CompressedOops enabled, and the Java Heap may be blocking the growth of the native heap
# Possible solutions:
#   Reduce memory load on the system
#   Increase physical memory or swap space
#   Check if swap backing store is full
#   Decrease Java heap size (-Xmx/-Xms)
#   Decrease number of Java threads
#   Decrease Java thread stack sizes (-Xss)
#   Set larger code cache with -XX:ReservedCodeCacheSize=
#   JVM is running with Unscaled Compressed Oops mode in which the Java heap is
#     placed in the first 4GB address space. The Java Heap base address is the
#     maximum limit for the native heap growth. Please use -XX:HeapBaseMinAddress
#     to set the Java Heap base and to place the Java Heap above 4GB virtual address.
# This output file may be truncated or incomplete.
#
#  Out of Memory Error (memory/allocation.inline.hpp:61), pid=19276, tid=0x0000000000001788
#
# JRE version:  (8.0_201-b09) (build )
# Java VM: Java HotSpot(TM) 64-Bit Server VM (25.201-b09 mixed mode windows-amd64 compressed oops)
# Failed to write core dump. Minidumps are not enabled by default on client versions of Windows
#

---------------  T H R E A D  ---------------

Current thread (0x0000000002de2000):  JavaThread "Unknown thread" [_thread_in_vm, id=6024, stack(0x0000000002c10000,0x0000000002d10000)]

Stack: [0x0000000002c10000,0x0000000002d10000]
[error occurred during error reporting (printing stack bounds), id 0xc0000005]

Native frames: (J=compiled Java code, j=interpreted, Vv=VM code, C=native code)


---------------  P R O C E S S  ---------------

Java Threads: ( => current thread )

Other Threads:

=>0x0000000002de2000 (exited) JavaThread "Unknown thread" [_thread_in_vm, id=6024, stack(0x0000000002c10000,0x0000000002d10000)]

VM state:not at safepoint (normal execution)

VM Mutex/Monitor currently owned by a thread: None

heap address: 0x0000000081800000, size: 2024 MB, Compressed Oops mode: 32-bit
Narrow klass base: 0x0000000000000000, Narrow klass shift: 3
Compressed class space size: 1073741824 Address: 0x0000000100000000

Heap:
 PSYoungGen      total 38400K, used 665K [0x00000000d5d80000, 0x00000000d8800000, 0x0000000100000000)
  eden space 33280K, 2% used [0x00000000d5d80000,0x00000000d5e26670,0x00000000d7e00000)
  from space 5120K, 0% used [0x00000000d8300000,0x00000000d8300000,0x00000000d8800000)
  to   space 5120K, 0% used [0x00000000d7e00000,0x00000000d7e00000,0x00000000d8300000)
 ParOldGen       total 87552K, used 0K [0x0000000081800000, 0x0000000086d80000, 0x00000000d5d80000)
  object space 87552K, 0% used [0x0000000081800000,0x0000000081800000,0x0000000086d80000)
 Metaspace       used 775K, capacity 4480K, committed 4480K, reserved 1056768K
  class space    used 76K, capacity 384K, committed 384K, reserved 1048576K

Card table byte_map: [0x0000000012470000,0x0000000012870000] byte_map_base: 0x0000000012064000

Marking Bits: (ParMarkBitMap*) 0x00000000559b4ce0
 Begin Bits: [0x0000000012f20000, 0x0000000014ec0000)
 End Bits:   [0x0000000014ec0000, 0x0000000016e60000)

Polling page: 0x0000000000c00000

CodeCache: size=245760Kb used=328Kb max_used=328Kb free=245431Kb
 bounds [0x00000000030b0000, 0x0000000003320000, 0x00000000120b0000]
 total_blobs=58 nmethods=0 adapters=38
 compilation: enabled

Compilation events (0 events):
No events

GC Heap History (0 events):
No events

Deoptimization events (0 events):
No events

Classes redefined (0 events):
No events

Internal exceptions (0 events):
No events

Events (10 events):
Event: 0.040 loading class java/lang/Short
Event: 0.040 loading class java/lang/Short done
Event: 0.040 loading class java/lang/Integer
Event: 0.040 loading class java/lang/Integer done
Event: 0.040 loading class java/lang/Long
Event: 0.040 loading class java/lang/Long done
Event: 0.041 loading class java/lang/NullPointerException
Event: 0.041 loading class java/lang/NullPointerException done
Event: 0.041 loading class java/lang/ArithmeticException
Event: 0.041 loading class java/lang/ArithmeticException done


Dynamic libraries:
0x00007ff67e2a0000 - 0x00007ff67e2d7000 	C:\Program Files\Java\jdk1.8.0_201\bin\java.exe
0x00007ffb6e570000 - 0x00007ffb6e751000 	C:\WINDOWS\SYSTEM32\ntdll.dll
0x00007ffb6dea0000 - 0x00007ffb6df52000 	C:\WINDOWS\System32\KERNEL32.DLL
0x00007ffb6b4a0000 - 0x00007ffb6b713000 	C:\WINDOWS\System32\KERNELBASE.dll
0x00007ffb6df60000 - 0x00007ffb6e001000 	C:\WINDOWS\System32\ADVAPI32.dll
0x00007ffb6e4a0000 - 0x00007ffb6e53e000 	C:\WINDOWS\System32\msvcrt.dll
0x00007ffb6de40000 - 0x00007ffb6de9b000 	C:\WINDOWS\System32\sechost.dll
0x00007ffb6e040000 - 0x00007ffb6e164000 	C:\WINDOWS\System32\RPCRT4.dll
0x00007ffb6ba00000 - 0x00007ffb6bb90000 	C:\WINDOWS\System32\USER32.dll
0x00007ffb6b720000 - 0x00007ffb6b740000 	C:\WINDOWS\System32\win32u.dll
0x00007ffb6e010000 - 0x00007ffb6e038000 	C:\WINDOWS\System32\GDI32.dll
0x00007ffb6ab50000 - 0x00007ffb6ace2000 	C:\WINDOWS\System32\gdi32full.dll
0x00007ffb6acf0000 - 0x00007ffb6ad8f000 	C:\WINDOWS\System32\msvcp_win.dll
0x00007ffb6a9a0000 - 0x00007ffb6aa98000 	C:\WINDOWS\System32\ucrtbase.dll
0x00007ffb58e90000 - 0x00007ffb590f9000 	C:\WINDOWS\WinSxS\amd64_microsoft.windows.common-controls_6595b64144ccf1df_6.0.17134.648_none_fb45a0e93062a6d2\COMCTL32.dll
0x00007ffb6e170000 - 0x00007ffb6e492000 	C:\WINDOWS\System32\combase.dll
0x00007ffb6b740000 - 0x00007ffb6b7ba000 	C:\WINDOWS\System32\bcryptPrimitives.dll
0x00007ffb6d9d0000 - 0x00007ffb6d9fd000 	C:\WINDOWS\System32\IMM32.DLL
0x0000000055a40000 - 0x0000000055b11000 	C:\Program Files\Java\jdk1.8.0_201\jre\bin\msvcr100.dll
0x0000000055190000 - 0x0000000055a34000 	C:\Program Files\Java\jdk1.8.0_201\jre\bin\server\jvm.dll
0x00007ffb6de20000 - 0x00007ffb6de28000 	C:\WINDOWS\System32\PSAPI.DLL
0x00007ffb57f00000 - 0x00007ffb57f09000 	C:\WINDOWS\SYSTEM32\WSOCK32.dll
0x00007ffb6da00000 - 0x00007ffb6da6c000 	C:\WINDOWS\System32\WS2_32.dll
0x00007ffb67a10000 - 0x00007ffb67a33000 	C:\WINDOWS\SYSTEM32\WINMM.dll
0x00007ffb5f590000 - 0x00007ffb5f59a000 	C:\WINDOWS\SYSTEM32\VERSION.dll
0x00007ffb679e0000 - 0x00007ffb67a0a000 	C:\WINDOWS\SYSTEM32\WINMMBASE.dll
0x00007ffb6b7c0000 - 0x00007ffb6b809000 	C:\WINDOWS\System32\cfgmgr32.dll
0x00007ffb5bf90000 - 0x00007ffb5bf9f000 	C:\Program Files\Java\jdk1.8.0_201\jre\bin\verify.dll
0x00007ffb57be0000 - 0x00007ffb57c09000 	C:\Program Files\Java\jdk1.8.0_201\jre\bin\java.dll
0x00007ffb5ad10000 - 0x00007ffb5ad33000 	C:\Program Files\Java\jdk1.8.0_201\jre\bin\instrument.dll
0x00007ffb575c0000 - 0x00007ffb575d6000 	C:\Program Files\Java\jdk1.8.0_201\jre\bin\zip.dll

VM Arguments:
jvm_args: -XX:TieredStopAtLevel=1 -Xverify:none -Dspring.output.ansi.enabled=always -Dcom.sun.management.jmxremote -Dcom.sun.management.jmxremote.port=60439 -Dcom.sun.management.jmxremote.authenticate=false -Dcom.sun.management.jmxremote.ssl=false -Djava.rmi.server.hostname=localhost -Dspring.liveBeansView.mbeanDomain -Dspring.application.admin.enabled=true -javaagent:C:\Program Files\JetBrains\IntelliJ IDEA 2018.2.4\lib\idea_rt.jar=60440:C:\Program Files\JetBrains\IntelliJ IDEA 2018.2.4\bin -Dfile.encoding=UTF-8 
java_command: com.thoughtmechanix.hystrixdashboard.HystrixDashboardApplication
java_class_path (initial): C:\Program Files\Java\jdk1.8.0_201\jre\lib\charsets.jar;C:\Program Files\Java\jdk1.8.0_201\jre\lib\deploy.jar;C:\Program Files\Java\jdk1.8.0_201\jre\lib\ext\access-bridge-64.jar;C:\Program Files\Java\jdk1.8.0_201\jre\lib\ext\cldrdata.jar;C:\Program Files\Java\jdk1.8.0_201\jre\lib\ext\dnsns.jar;C:\Program Files\Java\jdk1.8.0_201\jre\lib\ext\jaccess.jar;C:\Program Files\Java\jdk1.8.0_201\jre\lib\ext\jfxrt.jar;C:\Program Files\Java\jdk1.8.0_201\jre\lib\ext\localedata.jar;C:\Program Files\Java\jdk1.8.0_201\jre\lib\ext\nashorn.jar;C:\Program Files\Java\jdk1.8.0_201\jre\lib\ext\sunec.jar;C:\Program Files\Java\jdk1.8.0_201\jre\lib\ext\sunjce_provider.jar;C:\Program Files\Java\jdk1.8.0_201\jre\lib\ext\sunmscapi.jar;C:\Program Files\Java\jdk1.8.0_201\jre\lib\ext\sunpkcs11.jar;C:\Program Files\Java\jdk1.8.0_201\jre\lib\ext\zipfs.jar;C:\Program Files\Java\jdk1.8.0_201\jre\lib\javaws.jar;C:\Program Files\Java\jdk1.8.0_201\jre\lib\jce.jar;C:\Program Files\Java\jdk1.8.0_201\jre\lib\jfr.jar;C:\Program Files\Java\jdk1.8.0_201\jre\lib\jfxswt.jar;C:\Program Files\Java\jdk1.8.0_201\jre\lib\jsse.jar;C:\Program Files\Java\jdk1.8.0_201\jre\lib\management-agent.jar;C:\Program Files\Java\jdk1.8.0_201\jre\lib\plugin.jar;C:\Program Files\Java\jdk1.8.0_201\jre\lib\resources.jar;C:\Program Files\Java\jdk1.8.0_201\jre\lib\rt.jar;D:\SpringMicroservice-source-code\final_code\demo\hystrix-dashboard\target\classes;D:\apache-maven-3.6.0\Warehouse\org\springframework\boot\spring-boot-starter-actuator\2.1.2.RELEASE\spring-boot-starter-actuator-2.1.2.RELEASE.jar;D:\apache-maven-3.6.0\Warehouse\org\springframework\boot\spring-boot-starter\2.1.2.RELEASE\spring-boot-starter-2.1.2.RELEASE.jar;D:\apache-maven-3.6.0\Warehouse\org\springframework\boot\spring-boot\2.1.2.RELEASE\spring-boot-2.1.2.RELEASE.jar;D:\apache-maven-3.6.0\Warehouse\org\springframework\boot\spring-boot-autoconfigure\2.1.2.RELEASE\spring-boot-autoconfigure-2.1.2.RELEASE.jar;D:\apache-maven-3.6.0\Warehouse\org\
Launcher Type: SUN_STANDARD

Environment Variables:
JAVA_HOME=C:\Program Files\Java\jdk1.8.0_201
CLASSPATH=.;C:\Program Files\Java\jdk1.8.0_201\lib\dt.jar;C:\Program Files\Java\jdk1.8.0_201\lib\tools.jar;
PATH=C:\Program Files (x86)\Common Files\Oracle\Java\javapath;C:\ProgramData\Oracle\Java\javapath;D:\oracle\product\11.2.0\dbhome_1\bin;C:\Program Files (x86)\Intel\iCLS Client\;C:\Program Files\Intel\iCLS Client\;C:\WINDOWS\system32;C:\WINDOWS;C:\WINDOWS\System32\Wbem;C:\WINDOWS\System32\WindowsPowerShell\v1.0\;C:\Program Files (x86)\Intel\Intel(R) Management Engine Components\DAL;C:\Program Files\Intel\Intel(R) Management Engine Components\DAL;C:\Program Files (x86)\Intel\Intel(R) Management Engine Components\IPT;C:\Program Files\Intel\Intel(R) Management Engine Components\IPT;C:\Program Files\Java\jdk1.8.0_201\bin;D:\Program Files\nodejs\;C:\WINDOWS\System32\OpenSSH\;D:\apache-jmeter-4.0\lib\ext\ApacheJMeter_core.jar;D:\apache-jmeter-4.0\lib\jorphan.jar;D:\apache-jmeter-4.0\lib\logkit-2.0.jar;C:\Program Files\Intel\WiFi\bin\;C:\Program Files\Common Files\Intel\WirelessCommon\;D:\consul;D:\apache-maven-3.6.0\bin;C:\Program Files\Java\jdk1.8.0_201\jre\bin;D:\Zookeeper\zookeeper-3.4.13\bin;D:\apache-maven-3.6.0\bin;C:\Program Files\TortoiseSVN\bin;C:\Program Files\Git\cmd;%KE_HOME%\bin;C:\Users\xj\AppData\Local\Microsoft\WindowsApps;C:\Users\xj\AppData\Roaming\npm;D:\Program Files\Microsoft VS Code\bin;D:\consul;;C:\Program Files\Docker Toolbox
USERNAME=xj
OS=Windows_NT
PROCESSOR_IDENTIFIER=Intel64 Family 6 Model 142 Stepping 9, GenuineIntel



---------------  S Y S T E M  ---------------

OS: Windows 10.0 , 64 bit Build 17134 (10.0.17134.648)

CPU:total 4 (initial active 4) (2 cores per cpu, 2 threads per core) family 6 model 142 stepping 9, cmov, cx8, fxsr, mmx, sse, sse2, sse3, ssse3, sse4.1, sse4.2, popcnt, avx, avx2, aes, clmul, erms, 3dnowpref, lzcnt, ht, tsc, tscinvbit, bmi1, bmi2, adx

Memory: 4k page, physical 8284900k(474764k free), swap 24705376k(5828k free)

vm_info: Java HotSpot(TM) 64-Bit Server VM (25.201-b09) for windows-amd64 JRE (1.8.0_201-b09), built on Dec 15 2018 18:36:39 by "java_re" with MS VC++ 10.0 (VS2010)

time: Mon Mar 18 14:34:31 2019
timezone: 中国标准时间
elapsed time: 0 seconds (0d 0h 0m 0s)

